#
# A fatal error has been detected by the Java Runtime Environment:
#
#  SIGSEGV (0xb) at pc=0x0000000111182884, pid=1400, tid=19203
#
# JRE version: Java(TM) SE Runtime Environment (8.0_74-b02) (build 1.8.0_74-b02)
# Java VM: Java HotSpot(TM) 64-Bit Server VM (25.74-b02 mixed mode bsd-amd64 compressed oops)
# Problematic frame:
# V  [libjvm.dylib+0x382884]
#
# Failed to write core dump. Core dumps have been disabled. To enable core dumping, try "ulimit -c unlimited" before starting Java again
#
# If you would like to submit a bug report, please visit:
#   http://bugreport.java.com/bugreport/crash.jsp
#

---------------  T H R E A D  ---------------

Current thread (0x00007fa0a4802800):  JavaThread "JDWP Transport Listener: dt_socket" daemon [_thread_in_vm, id=19203, stack(0x0000700000f47000,0x0000700001047000)]

siginfo: si_signo: 11 (SIGSEGV), si_code: 1 (SEGV_MAPERR), si_addr: 0x00007fa3c07141c0

Registers:
RAX=0x00007fa0a042ea60, RBX=0x00000007c008e8b8, RCX=0x0000000000000001, RDX=0x00007fa0a3001aa0
RSP=0x0000700001046970, RBP=0x00007000010469f0, RSI=0x0000000000000000, RDI=0x00007fa0a3001950
R8 =0x00007000010468b8, R9 =0x00007000010468b0, R10=0x00007fa0a0662220, R11=0x00007fa0a0400000
R12=0x000000000000000a, R13=0x0000000064016400, R14=0x000000000000000b, R15=0x00007fa0a06621c0
RIP=0x0000000111182884, EFLAGS=0x0000000000010202, ERR=0x0000000000000006
  TRAPNO=0x000000000000000e

Top of Stack: (sp=0x0000700001046970)
0x0000700001046970:   0000700001046980 000000000000000b
0x0000700001046980:   0000700001046a84 0000700001046a78
0x0000700001046990:   00007fa0a4802800 00007fa0a3001970
0x00007000010469a0:   00007fa0a30019b0 00007fa0a30019c0
0x00007000010469b0:   00007fa0a3001a98 00000000000000d8
0x00007000010469c0:   0000700001046db0 0000700001046a78
0x00007000010469d0:   00007fa0a0704990 00007fa0a4802800
0x00007000010469e0:   0000700001046a84 0000000716652500
0x00007000010469f0:   0000700001046a60 00000001111571ef
0x0000700001046a00:   00007fa0a4802800 00007fa0a4802800
0x0000700001046a10:   0000000000000000 0000700000000000
0x0000700001046a20:   0000000000000000 00007fa0a4802800
0x0000700001046a30:   00007fa0a4802800 0000000000000001
0x0000700001046a40:   00007fa0a3301488 00007fa0a065a1d0
0x0000700001046a50:   0000700001046b08 0000700001046c90
0x0000700001046a60:   0000700001046ad0 0000000111d94195
0x0000700001046a70:   0000700001046aa0 0000000000000000
0x0000700001046a80:   0000000000000032 0000700001046b08
0x0000700001046a90:   0000700001046b08 0000000111dc2598
0x0000700001046aa0:   0000700001046ac0 0000700001046c90
0x0000700001046ab0:   0000000111db6e7a 00007fa0a065a1d0
0x0000700001046ac0:   0000700001046b08 0000000111dc2598
0x0000700001046ad0:   0000700001046ae0 0000000111d942ec
0x0000700001046ae0:   0000700001046d00 0000000111d9d898
0x0000700001046af0:   000017d200000013 00000000000f0200
0x0000700001046b00:   00007fa0a065b470 0000700001046b58
0x0000700001046b10:   00007fa00000012c 0000700001046b20
0x0000700001046b20:   0000000000000000 0000700001046b58
0x0000700001046b30:   0000000000000000 0000000000000000
0x0000700001046b40:   000017d20000001c 00007fff00001c80
0x0000700001046b50:   0000700001046b58 0000000101000000
0x0000700001046b60:   0000001700000000 7f00001800000007 

Instructions: (pc=0x0000000111182884)
0x0000000111182864:   45 31 e4 48 8b 83 80 01 00 00 48 8b 8b a0 01 00
0x0000000111182874:   00 4e 63 6c a1 04 4a 8b 7c e0 08 e8 8c ff f9 ff
0x0000000111182884:   4b 89 04 ef 49 ff c4 4d 39 e6 75 d7 48 8b 45 88
0x0000000111182894:   48 8b 55 90 89 02 48 8b 4d 98 4c 89 39 31 db 48 

Register to memory mapping:

RAX=0x00007fa0a042ea60 is an unknown value
RBX=0x00000007c008e8b8 is pointing into metadata
RCX=0x0000000000000001 is an unknown value
RDX=0x00007fa0a3001aa0 is an unknown value
RSP=0x0000700001046970 is pointing into the stack for thread: 0x00007fa0a4802800
RBP=0x00007000010469f0 is pointing into the stack for thread: 0x00007fa0a4802800
RSI=0x0000000000000000 is an unknown value
RDI=0x00007fa0a3001950 is an unknown value
R8 =0x00007000010468b8 is pointing into the stack for thread: 0x00007fa0a4802800
R9 =0x00007000010468b0 is pointing into the stack for thread: 0x00007fa0a4802800
R10=0x00007fa0a0662220 is an unknown value
R11=0x00007fa0a0400000 is an unknown value
R12=0x000000000000000a is an unknown value
R13=0x0000000064016400 is an unknown value
R14=0x000000000000000b is an unknown value
R15=0x00007fa0a06621c0 is an unknown value


Stack: [0x0000700000f47000,0x0000700001047000],  sp=0x0000700001046970,  free space=1022k
Native frames: (J=compiled Java code, j=interpreted, Vv=VM code, C=native code)
V  [libjvm.dylib+0x382884]
V  [libjvm.dylib+0x3571ef]
C  [libjdwp.dylib+0x5195]  methods1+0xad
C  [libjdwp.dylib+0x52ec]  methodsWithGeneric+0xe
C  [libjdwp.dylib+0xe898]  debugLoop_run+0x1ce
C  [libjdwp.dylib+0x1f6ba]  attachThread+0x4d
V  [libjvm.dylib+0x39665c]
V  [libjvm.dylib+0x560e03]
V  [libjvm.dylib+0x5624fe]
V  [libjvm.dylib+0x482eda]
C  [libsystem_pthread.dylib+0x399d]  _pthread_body+0x83
C  [libsystem_pthread.dylib+0x391a]  _pthread_body+0x0
C  [libsystem_pthread.dylib+0x1351]  thread_start+0xd
C  0x0000000000000000


---------------  P R O C E S S  ---------------

Java Threads: ( => current thread )
  0x00007fa0a381a800 JavaThread "ReaderThread" [_thread_in_native, id=23811, stack(0x0000700001862000,0x0000700001962000)]
  0x00007fa0a1838000 JavaThread "Service Thread" daemon [_thread_blocked, id=22787, stack(0x000070000165c000,0x000070000175c000)]
  0x00007fa0a0825800 JavaThread "C1 CompilerThread3" daemon [_thread_blocked, id=22275, stack(0x0000700001559000,0x0000700001659000)]
  0x00007fa0a0824800 JavaThread "C2 CompilerThread2" daemon [_thread_blocked, id=21763, stack(0x0000700001456000,0x0000700001556000)]
  0x00007fa0a081c000 JavaThread "C2 CompilerThread1" daemon [_thread_blocked, id=21251, stack(0x0000700001353000,0x0000700001453000)]
  0x00007fa0a081a000 JavaThread "C2 CompilerThread0" daemon [_thread_blocked, id=20739, stack(0x0000700001250000,0x0000700001350000)]
  0x00007fa0a3813000 JavaThread "JDWP Command Reader" daemon [_thread_in_native, id=20227, stack(0x000070000114d000,0x000070000124d000)]
  0x00007fa0a0819800 JavaThread "JDWP Event Helper Thread" daemon [_thread_blocked, id=19715, stack(0x000070000104a000,0x000070000114a000)]
=>0x00007fa0a4802800 JavaThread "JDWP Transport Listener: dt_socket" daemon [_thread_in_vm, id=19203, stack(0x0000700000f47000,0x0000700001047000)]
  0x00007fa0a4801800 JavaThread "Signal Dispatcher" daemon [_thread_blocked, id=15887, stack(0x0000700000e44000,0x0000700000f44000)]
  0x00007fa0a1861000 JavaThread "Finalizer" daemon [_thread_blocked, id=14339, stack(0x0000700000c3b000,0x0000700000d3b000)]
  0x00007fa0a185e000 JavaThread "Reference Handler" daemon [_thread_blocked, id=13827, stack(0x0000700000b38000,0x0000700000c38000)]
  0x00007fa0a3801800 JavaThread "main" [_thread_blocked, id=5891, stack(0x000070000011a000,0x000070000021a000)]

Other Threads:
  0x00007fa0a380a800 VMThread [stack: 0x0000700000a35000,0x0000700000b35000] [id=13315]
  0x00007fa0a1839000 WatcherThread [stack: 0x000070000175f000,0x000070000185f000] [id=23299]

VM state:not at safepoint (normal execution)

VM Mutex/Monitor currently owned by a thread: None

Heap:
 PSYoungGen      total 153088K, used 44741K [0x0000000715580000, 0x0000000720000000, 0x00000007c0000000)
  eden space 131584K, 34% used [0x0000000715580000,0x0000000718131638,0x000000071d600000)
  from space 21504K, 0% used [0x000000071eb00000,0x000000071eb00000,0x0000000720000000)
  to   space 21504K, 0% used [0x000000071d600000,0x000000071d600000,0x000000071eb00000)
 ParOldGen       total 349696K, used 0K [0x00000005c0000000, 0x00000005d5580000, 0x0000000715580000)
  object space 349696K, 0% used [0x00000005c0000000,0x00000005c0000000,0x00000005d5580000)
 Metaspace       used 13149K, capacity 13376K, committed 13696K, reserved 1060864K
  class space    used 1470K, capacity 1554K, committed 1664K, reserved 1048576K

Card table byte_map: [0x000000012119a000,0x000000012219b000] byte_map_base: 0x000000011e39a000

Marking Bits: (ParMarkBitMap*) 0x00000001116e3ea0
 Begin Bits: [0x0000000122c46000, 0x000000012ac46000)
 End Bits:   [0x000000012ac46000, 0x0000000132c46000)

Polling page: 0x000000010fdc6000

CodeCache: size=245760Kb used=4369Kb max_used=4369Kb free=241390Kb
 bounds [0x0000000111dda000, 0x000000011222a000, 0x0000000120dda000]
 total_blobs=1460 nmethods=1120 adapters=262
 compilation: enabled

Compilation events (10 events):
Event: 0.739 Thread 0x00007fa0a0825800 1113       3       com.sun.org.apache.xerces.internal.dom.ElementImpl::setupDefaultAttributes (23 bytes)
Event: 0.740 Thread 0x00007fa0a0825800 nmethod 1113 0x000000011221e010 code [0x000000011221e1c0, 0x000000011221e798]
Event: 0.740 Thread 0x00007fa0a0825800 1114       3       com.sun.org.apache.xerces.internal.dom.ElementImpl::getDefaultAttributes (48 bytes)
Event: 0.740 Thread 0x00007fa0a0825800 nmethod 1114 0x000000011221e9d0 code [0x000000011221ec00, 0x000000011221fbd8]
Event: 0.740 Thread 0x00007fa0a0825800 1115       3       com.sun.org.apache.xerces.internal.dom.CoreDocumentImpl::getDoctype (16 bytes)
Event: 0.740 Thread 0x00007fa0a0825800 nmethod 1115 0x00000001122124d0 code [0x0000000112212640, 0x00000001122129c8]
Event: 0.740 Thread 0x00007fa0a0825800 1095       3       com.sun.org.apache.xerces.internal.util.ParserConfigurationSettings::getFeatureState (46 bytes)
Event: 0.741 Thread 0x00007fa0a0825800 nmethod 1095 0x0000000112220010 code [0x0000000112220200, 0x0000000112220b58]
Event: 0.741 Thread 0x00007fa0a0825800 1119       3       java.lang.reflect.AccessibleObject::<init> (5 bytes)
Event: 0.741 Thread 0x00007fa0a0825800 nmethod 1119 0x0000000112220f50 code [0x00000001122210c0, 0x0000000112221270]

GC Heap History (0 events):
No events

Deoptimization events (9 events):
Event: 0.145 Thread 0x00007fa0a3801800 Uncommon trap: reason=unstable_if action=reinterpret pc=0x0000000111efcc0c method=java.lang.String.hashCode()I @ 14
Event: 0.155 Thread 0x00007fa0a3801800 Uncommon trap: reason=unstable_if action=reinterpret pc=0x0000000111f0a7dc method=java.lang.String.indexOf(II)I @ 49
Event: 0.215 Thread 0x00007fa0a3801800 Uncommon trap: reason=unstable_if action=reinterpret pc=0x0000000111f51b1c method=java.lang.String.indexOf([CII[CIII)I @ 123
Event: 0.215 Thread 0x00007fa0a3801800 Uncommon trap: reason=unstable_if action=reinterpret pc=0x0000000111f44db0 method=java.lang.String.indexOf([CII[CIII)I @ 123
Event: 0.237 Thread 0x00007fa0a3801800 Uncommon trap: reason=unstable_if action=reinterpret pc=0x0000000111f6a2e0 method=java.lang.String.lastIndexOf([CII[CIII)I @ 66
Event: 0.306 Thread 0x00007fa0a3801800 Uncommon trap: reason=unstable_if action=reinterpret pc=0x0000000111f23430 method=sun.nio.cs.UTF_8$Encoder.encode([CII[B)I @ 33
Event: 0.509 Thread 0x00007fa0a3801800 Uncommon trap: reason=unstable_if action=reinterpret pc=0x0000000111fea26c method=java.lang.String.indexOf([CII[CIII)I @ 3
Event: 0.533 Thread 0x00007fa0a3801800 Uncommon trap: reason=unstable_if action=reinterpret pc=0x00000001120b1208 method=java.io.DataInputStream.readUTF(Ljava/io/DataInput;)Ljava/lang/String; @ 31
Event: 0.726 Thread 0x00007fa0a3801800 Uncommon trap: reason=null_check action=make_not_entrant pc=0x00000001121d6888 method=com.sun.org.apache.xerces.internal.dom.DeferredDocumentImpl.clearChunkValue([[Ljava/lang/Object;II)Ljava/lang/String; @ 11

Internal exceptions (10 events):
Event: 0.495 Thread 0x00007fa0a3801800 Exception <a 'java/security/PrivilegedActionException'> (0x0000000717013cd0) thrown at [/Users/java_re/workspace/8-2-build-macosx-x86_64/jdk8u74/6087/hotspot/src/share/vm/prims/jvm.cpp, line 1386]
Event: 0.497 Thread 0x00007fa0a3801800 Exception <a 'java/security/PrivilegedActionException'> (0x0000000717029598) thrown at [/Users/java_re/workspace/8-2-build-macosx-x86_64/jdk8u74/6087/hotspot/src/share/vm/prims/jvm.cpp, line 1386]
Event: 0.497 Thread 0x00007fa0a3801800 Exception <a 'java/security/PrivilegedActionException'> (0x0000000717029b78) thrown at [/Users/java_re/workspace/8-2-build-macosx-x86_64/jdk8u74/6087/hotspot/src/share/vm/prims/jvm.cpp, line 1386]
Event: 0.497 Thread 0x00007fa0a3801800 Exception <a 'java/security/PrivilegedActionException'> (0x00000007170321e0) thrown at [/Users/java_re/workspace/8-2-build-macosx-x86_64/jdk8u74/6087/hotspot/src/share/vm/prims/jvm.cpp, line 1386]
Event: 0.497 Thread 0x00007fa0a3801800 Exception <a 'java/security/PrivilegedActionException'> (0x00000007170327c0) thrown at [/Users/java_re/workspace/8-2-build-macosx-x86_64/jdk8u74/6087/hotspot/src/share/vm/prims/jvm.cpp, line 1386]
Event: 0.497 Thread 0x00007fa0a3801800 Exception <a 'java/security/PrivilegedActionException'> (0x000000071703b0f8) thrown at [/Users/java_re/workspace/8-2-build-macosx-x86_64/jdk8u74/6087/hotspot/src/share/vm/prims/jvm.cpp, line 1386]
Event: 0.497 Thread 0x00007fa0a3801800 Exception <a 'java/security/PrivilegedActionException'> (0x000000071703b6d8) thrown at [/Users/java_re/workspace/8-2-build-macosx-x86_64/jdk8u74/6087/hotspot/src/share/vm/prims/jvm.cpp, line 1386]
Event: 0.498 Thread 0x00007fa0a3801800 Exception <a 'java/security/PrivilegedActionException'> (0x0000000717043fa0) thrown at [/Users/java_re/workspace/8-2-build-macosx-x86_64/jdk8u74/6087/hotspot/src/share/vm/prims/jvm.cpp, line 1386]
Event: 0.498 Thread 0x00007fa0a3801800 Exception <a 'java/security/PrivilegedActionException'> (0x0000000717044580) thrown at [/Users/java_re/workspace/8-2-build-macosx-x86_64/jdk8u74/6087/hotspot/src/share/vm/prims/jvm.cpp, line 1386]
Event: 0.726 Thread 0x00007fa0a3801800 Implicit null exception at 0x00000001121d66a0 to 0x00000001121d686d

Events (10 events):
Event: 152.427 Executing VM operation: GetCurrentLocation
Event: 152.428 Executing VM operation: GetCurrentLocation done
Event: 152.428 Executing VM operation: EnterInterpOnlyMode
Event: 152.428 Executing VM operation: EnterInterpOnlyMode done
Event: 152.428 Executing VM operation: ChangeSingleStep
Event: 152.428 Executing VM operation: ChangeSingleStep done
Event: 152.428 Executing VM operation: ChangeSingleStep
Event: 152.428 Executing VM operation: ChangeSingleStep done
Event: 152.436 Executing VM operation: RedefineClasses
Event: 152.443 Executing VM operation: RedefineClasses done


Dynamic libraries:
0x0000000008bc6000 	/System/Library/Frameworks/Cocoa.framework/Versions/A/Cocoa
0x0000000008bc6000 	/System/Library/Frameworks/Security.framework/Versions/A/Security
0x0000000008bc6000 	/System/Library/Frameworks/ApplicationServices.framework/Versions/A/ApplicationServices
0x0000000008bc6000 	/usr/lib/libz.1.dylib
0x0000000008bc6000 	/usr/lib/libSystem.B.dylib
0x0000000008bc6000 	/usr/lib/libobjc.A.dylib
0x0000000008bc6000 	/System/Library/Frameworks/CoreFoundation.framework/Versions/A/CoreFoundation
0x0000000008bc6000 	/System/Library/Frameworks/Foundation.framework/Versions/C/Foundation
0x0000000008bc6000 	/System/Library/Frameworks/AppKit.framework/Versions/C/AppKit
0x0000000008bc6000 	/System/Library/Frameworks/CoreData.framework/Versions/A/CoreData
0x0000000008bc6000 	/System/Library/PrivateFrameworks/RemoteViewServices.framework/Versions/A/RemoteViewServices
0x0000000008bc6000 	/System/Library/PrivateFrameworks/UIFoundation.framework/Versions/A/UIFoundation
0x0000000008bc6000 	/usr/lib/libScreenReader.dylib
0x0000000008bc6000 	/System/Library/Frameworks/Accelerate.framework/Versions/A/Accelerate
0x0000000008bc6000 	/System/Library/Frameworks/IOSurface.framework/Versions/A/IOSurface
0x0000000008bc6000 	/System/Library/Frameworks/AudioToolbox.framework/Versions/A/AudioToolbox
0x0000000008bc6000 	/System/Library/Frameworks/AudioUnit.framework/Versions/A/AudioUnit
0x0000000008bc6000 	/System/Library/PrivateFrameworks/DataDetectorsCore.framework/Versions/A/DataDetectorsCore
0x0000000008bc6000 	/System/Library/PrivateFrameworks/DesktopServicesPriv.framework/Versions/A/DesktopServicesPriv
0x0000000008bc6000 	/System/Library/Frameworks/Carbon.framework/Versions/A/Frameworks/HIToolbox.framework/Versions/A/HIToolbox
0x0000000008bc6000 	/System/Library/Frameworks/QuartzCore.framework/Versions/A/QuartzCore
0x0000000008bc6000 	/System/Library/Frameworks/Carbon.framework/Versions/A/Frameworks/SpeechRecognition.framework/Versions/A/SpeechRecognition
0x0000000008bc6000 	/usr/lib/libauto.dylib
0x0000000008bc6000 	/usr/lib/libicucore.A.dylib
0x0000000008bc6000 	/usr/lib/libxml2.2.dylib
0x0000000008bc6000 	/System/Library/PrivateFrameworks/CoreUI.framework/Versions/A/CoreUI
0x0000000008bc6000 	/System/Library/Frameworks/CoreAudio.framework/Versions/A/CoreAudio
0x0000000008bc6000 	/System/Library/Frameworks/DiskArbitration.framework/Versions/A/DiskArbitration
0x0000000008bc6000 	/usr/lib/liblangid.dylib
0x0000000008bc6000 	/System/Library/PrivateFrameworks/MultitouchSupport.framework/Versions/A/MultitouchSupport
0x0000000008bc6000 	/System/Library/Frameworks/IOKit.framework/Versions/A/IOKit
0x0000000008bc6000 	/usr/lib/libDiagnosticMessagesClient.dylib
0x0000000008bc6000 	/System/Library/Frameworks/CoreServices.framework/Versions/A/CoreServices
0x0000000008bc6000 	/System/Library/PrivateFrameworks/PerformanceAnalysis.framework/Versions/A/PerformanceAnalysis
0x0000000008bc6000 	/System/Library/PrivateFrameworks/GenerationalStorage.framework/Versions/A/GenerationalStorage
0x0000000008bc6000 	/System/Library/Frameworks/OpenGL.framework/Versions/A/OpenGL
0x0000000008bc6000 	/System/Library/PrivateFrameworks/Sharing.framework/Versions/A/Sharing
0x0000000008bc6000 	/System/Library/Frameworks/CoreGraphics.framework/Versions/A/CoreGraphics
0x0000000008bc6000 	/System/Library/Frameworks/CoreImage.framework/Versions/A/CoreImage
0x0000000008bc6000 	/System/Library/Frameworks/CoreText.framework/Versions/A/CoreText
0x0000000008bc6000 	/System/Library/Frameworks/ImageIO.framework/Versions/A/ImageIO
0x0000000008bc6000 	/System/Library/PrivateFrameworks/Backup.framework/Versions/A/Backup
0x0000000008bc6000 	/usr/lib/libextension.dylib
0x0000000008bc6000 	/usr/lib/libarchive.2.dylib
0x0000000008bc6000 	/System/Library/Frameworks/CFNetwork.framework/Versions/A/CFNetwork
0x0000000008bc6000 	/System/Library/Frameworks/SystemConfiguration.framework/Versions/A/SystemConfiguration
0x0000000008bc6000 	/usr/lib/libCRFSuite.dylib
0x0000000008bc6000 	/usr/lib/libc++.1.dylib
0x0000000008bc6000 	/usr/lib/libc++abi.dylib
0x0000000008bc6000 	/usr/lib/system/libcache.dylib
0x0000000008bc6000 	/usr/lib/system/libcommonCrypto.dylib
0x0000000008bc6000 	/usr/lib/system/libcompiler_rt.dylib
0x0000000008bc6000 	/usr/lib/system/libcopyfile.dylib
0x0000000008bc6000 	/usr/lib/system/libcorecrypto.dylib
0x0000000008bc6000 	/usr/lib/system/libdispatch.dylib
0x0000000008bc6000 	/usr/lib/system/libdyld.dylib
0x0000000008bc6000 	/usr/lib/system/libkeymgr.dylib
0x0000000008bc6000 	/usr/lib/system/liblaunch.dylib
0x0000000008bc6000 	/usr/lib/system/libmacho.dylib
0x0000000008bc6000 	/usr/lib/system/libquarantine.dylib
0x0000000008bc6000 	/usr/lib/system/libremovefile.dylib
0x0000000008bc6000 	/usr/lib/system/libsystem_asl.dylib
0x0000000008bc6000 	/usr/lib/system/libsystem_blocks.dylib
0x0000000008bc6000 	/usr/lib/system/libsystem_c.dylib
0x0000000008bc6000 	/usr/lib/system/libsystem_configuration.dylib
0x0000000008bc6000 	/usr/lib/system/libsystem_coreservices.dylib
0x0000000008bc6000 	/usr/lib/system/libsystem_coretls.dylib
0x0000000008bc6000 	/usr/lib/system/libsystem_dnssd.dylib
0x0000000008bc6000 	/usr/lib/system/libsystem_info.dylib
0x0000000008bc6000 	/usr/lib/system/libsystem_kernel.dylib
0x0000000008bc6000 	/usr/lib/system/libsystem_m.dylib
0x0000000008bc6000 	/usr/lib/system/libsystem_malloc.dylib
0x0000000008bc6000 	/usr/lib/system/libsystem_network.dylib
0x0000000008bc6000 	/usr/lib/system/libsystem_networkextension.dylib
0x0000000008bc6000 	/usr/lib/system/libsystem_notify.dylib
0x0000000008bc6000 	/usr/lib/system/libsystem_platform.dylib
0x0000000008bc6000 	/usr/lib/system/libsystem_pthread.dylib
0x0000000008bc6000 	/usr/lib/system/libsystem_sandbox.dylib
0x0000000008bc6000 	/usr/lib/system/libsystem_secinit.dylib
0x0000000008bc6000 	/usr/lib/system/libsystem_trace.dylib
0x0000000008bc6000 	/usr/lib/system/libunc.dylib
0x0000000008bc6000 	/usr/lib/system/libunwind.dylib
0x0000000008bc6000 	/usr/lib/system/libxpc.dylib
0x0000000008bc6000 	/usr/lib/libenergytrace.dylib
0x0000000008bc6000 	/usr/lib/libbsm.0.dylib
0x0000000008bc6000 	/usr/lib/system/libkxld.dylib
0x0000000008bc6000 	/usr/lib/libxar.1.dylib
0x0000000008bc6000 	/usr/lib/libsqlite3.dylib
0x0000000008bc6000 	/usr/lib/libpam.2.dylib
0x0000000008bc6000 	/usr/lib/libOpenScriptingUtil.dylib
0x0000000008bc6000 	/usr/lib/libbz2.1.0.dylib
0x0000000008bc6000 	/usr/lib/liblzma.5.dylib
0x0000000008bc6000 	/System/Library/Frameworks/CoreServices.framework/Versions/A/Frameworks/FSEvents.framework/Versions/A/FSEvents
0x0000000008bc6000 	/System/Library/Frameworks/CoreServices.framework/Versions/A/Frameworks/CarbonCore.framework/Versions/A/CarbonCore
0x0000000008bc6000 	/System/Library/Frameworks/CoreServices.framework/Versions/A/Frameworks/Metadata.framework/Versions/A/Metadata
0x0000000008bc6000 	/System/Library/Frameworks/CoreServices.framework/Versions/A/Frameworks/OSServices.framework/Versions/A/OSServices
0x0000000008bc6000 	/System/Library/Frameworks/CoreServices.framework/Versions/A/Frameworks/SearchKit.framework/Versions/A/SearchKit
0x0000000008bc6000 	/System/Library/Frameworks/CoreServices.framework/Versions/A/Frameworks/AE.framework/Versions/A/AE
0x0000000008bc6000 	/System/Library/Frameworks/CoreServices.framework/Versions/A/Frameworks/LaunchServices.framework/Versions/A/LaunchServices
0x0000000008bc6000 	/System/Library/Frameworks/CoreServices.framework/Versions/A/Frameworks/DictionaryServices.framework/Versions/A/DictionaryServices
0x0000000008bc6000 	/System/Library/Frameworks/CoreServices.framework/Versions/A/Frameworks/SharedFileList.framework/Versions/A/SharedFileList
0x0000000008bc6000 	/System/Library/Frameworks/NetFS.framework/Versions/A/NetFS
0x0000000008bc6000 	/System/Library/PrivateFrameworks/NetAuth.framework/Versions/A/NetAuth
0x0000000008bc6000 	/System/Library/PrivateFrameworks/login.framework/Versions/A/Frameworks/loginsupport.framework/Versions/A/loginsupport
0x0000000008bc6000 	/System/Library/PrivateFrameworks/TCC.framework/Versions/A/TCC
0x0000000008bc6000 	/usr/lib/libmecabra.dylib
0x0000000008bc6000 	/System/Library/Frameworks/ApplicationServices.framework/Versions/A/Frameworks/ATS.framework/Versions/A/ATS
0x0000000008bc6000 	/System/Library/Frameworks/ApplicationServices.framework/Versions/A/Frameworks/ColorSync.framework/Versions/A/ColorSync
0x0000000008bc6000 	/System/Library/Frameworks/ApplicationServices.framework/Versions/A/Frameworks/HIServices.framework/Versions/A/HIServices
0x0000000008bc6000 	/System/Library/Frameworks/ApplicationServices.framework/Versions/A/Frameworks/LangAnalysis.framework/Versions/A/LangAnalysis
0x0000000008bc6000 	/System/Library/Frameworks/ApplicationServices.framework/Versions/A/Frameworks/PrintCore.framework/Versions/A/PrintCore
0x0000000008bc6000 	/System/Library/Frameworks/ApplicationServices.framework/Versions/A/Frameworks/QD.framework/Versions/A/QD
0x0000000008bc6000 	/System/Library/Frameworks/ApplicationServices.framework/Versions/A/Frameworks/SpeechSynthesis.framework/Versions/A/SpeechSynthesis
0x0000000008bc6000 	/System/Library/Frameworks/Metal.framework/Versions/A/Metal
0x0000000008bc6000 	/System/Library/Frameworks/Accelerate.framework/Versions/A/Frameworks/vImage.framework/Versions/A/vImage
0x0000000008bc6000 	/System/Library/Frameworks/Accelerate.framework/Versions/A/Frameworks/vecLib.framework/Versions/A/vecLib
0x0000000008bc6000 	/System/Library/Frameworks/Accelerate.framework/Versions/A/Frameworks/vecLib.framework/Versions/A/libvDSP.dylib
0x0000000008bc6000 	/System/Library/Frameworks/Accelerate.framework/Versions/A/Frameworks/vecLib.framework/Versions/A/libvMisc.dylib
0x0000000008bc6000 	/System/Library/Frameworks/Accelerate.framework/Versions/A/Frameworks/vecLib.framework/Versions/A/libLAPACK.dylib
0x0000000008bc6000 	/System/Library/Frameworks/Accelerate.framework/Versions/A/Frameworks/vecLib.framework/Versions/A/libBLAS.dylib
0x0000000008bc6000 	/System/Library/Frameworks/Accelerate.framework/Versions/A/Frameworks/vecLib.framework/Versions/A/libLinearAlgebra.dylib
0x0000000008bc6000 	/System/Library/Frameworks/Accelerate.framework/Versions/A/Frameworks/vecLib.framework/Versions/A/libSparseBLAS.dylib
0x0000000008bc6000 	/System/Library/PrivateFrameworks/GPUCompiler.framework/libmetal_timestamp.dylib
0x0000000008bc6000 	/System/Library/Frameworks/OpenGL.framework/Versions/A/Libraries/libCoreFSCache.dylib
0x0000000008bc6000 	/System/Library/PrivateFrameworks/IOAccelerator.framework/Versions/A/IOAccelerator
0x0000000008bc6000 	/System/Library/Frameworks/ApplicationServices.framework/Versions/A/Frameworks/ATS.framework/Versions/A/Resources/libFontParser.dylib
0x0000000008bc6000 	/System/Library/Frameworks/ApplicationServices.framework/Versions/A/Frameworks/ATS.framework/Versions/A/Resources/libFontRegistry.dylib
0x0000000008bc6000 	/System/Library/PrivateFrameworks/AppleVPA.framework/Versions/A/AppleVPA
0x0000000008bc6000 	/System/Library/PrivateFrameworks/AppleJPEG.framework/Versions/A/AppleJPEG
0x0000000008bc6000 	/System/Library/Frameworks/ImageIO.framework/Versions/A/Resources/libJPEG.dylib
0x0000000008bc6000 	/System/Library/Frameworks/ImageIO.framework/Versions/A/Resources/libTIFF.dylib
0x0000000008bc6000 	/System/Library/Frameworks/ImageIO.framework/Versions/A/Resources/libPng.dylib
0x0000000008bc6000 	/System/Library/Frameworks/ImageIO.framework/Versions/A/Resources/libGIF.dylib
0x0000000008bc6000 	/System/Library/Frameworks/ImageIO.framework/Versions/A/Resources/libJP2.dylib
0x0000000008bc6000 	/System/Library/Frameworks/ImageIO.framework/Versions/A/Resources/libRadiance.dylib
0x0000000008bc6000 	/System/Library/Frameworks/CoreVideo.framework/Versions/A/CoreVideo
0x0000000008bc6000 	/System/Library/Frameworks/OpenGL.framework/Versions/A/Libraries/libGLU.dylib
0x0000000008bc6000 	/System/Library/Frameworks/OpenGL.framework/Versions/A/Libraries/libGFXShared.dylib
0x0000000008bc6000 	/System/Library/Frameworks/OpenGL.framework/Versions/A/Libraries/libGL.dylib
0x0000000008bc6000 	/System/Library/Frameworks/OpenGL.framework/Versions/A/Libraries/libGLImage.dylib
0x0000000008bc6000 	/System/Library/Frameworks/OpenGL.framework/Versions/A/Libraries/libCVMSPluginSupport.dylib
0x0000000008bc6000 	/System/Library/Frameworks/OpenGL.framework/Versions/A/Libraries/libCoreVMClient.dylib
0x0000000008bc6000 	/usr/lib/libcompression.dylib
0x0000000008bc6000 	/usr/lib/libcups.2.dylib
0x0000000008bc6000 	/System/Library/Frameworks/Kerberos.framework/Versions/A/Kerberos
0x0000000008bc6000 	/System/Library/Frameworks/GSS.framework/Versions/A/GSS
0x0000000008bc6000 	/usr/lib/libresolv.9.dylib
0x0000000008bc6000 	/usr/lib/libiconv.2.dylib
0x0000000008bc6000 	/System/Library/PrivateFrameworks/Heimdal.framework/Versions/A/Heimdal
0x0000000008bc6000 	/usr/lib/libheimdal-asn1.dylib
0x0000000008bc6000 	/System/Library/Frameworks/OpenDirectory.framework/Versions/A/OpenDirectory
0x0000000008bc6000 	/System/Library/PrivateFrameworks/CommonAuth.framework/Versions/A/CommonAuth
0x0000000008bc6000 	/System/Library/Frameworks/OpenDirectory.framework/Versions/A/Frameworks/CFOpenDirectory.framework/Versions/A/CFOpenDirectory
0x0000000008bc6000 	/System/Library/Frameworks/SecurityFoundation.framework/Versions/A/SecurityFoundation
0x0000000008bc6000 	/System/Library/PrivateFrameworks/LanguageModeling.framework/Versions/A/LanguageModeling
0x0000000008bc6000 	/usr/lib/libmarisa.dylib
0x0000000008bc6000 	/usr/lib/libChineseTokenizer.dylib
0x0000000008bc6000 	/usr/lib/libcmph.dylib
0x0000000008bc6000 	/System/Library/Frameworks/ServiceManagement.framework/Versions/A/ServiceManagement
0x0000000008bc6000 	/usr/lib/libxslt.1.dylib
0x0000000008bc6000 	/System/Library/Frameworks/Carbon.framework/Versions/A/Frameworks/Ink.framework/Versions/A/Ink
0x0000000008bc6000 	/usr/lib/libFosl_dynamic.dylib
0x0000000008bc6000 	/System/Library/PrivateFrameworks/FaceCore.framework/Versions/A/FaceCore
0x0000000008bc6000 	/System/Library/Frameworks/OpenCL.framework/Versions/A/OpenCL
0x0000000008bc6000 	/System/Library/PrivateFrameworks/CrashReporterSupport.framework/Versions/A/CrashReporterSupport
0x0000000008bc6000 	/System/Library/PrivateFrameworks/IconServices.framework/Versions/A/IconServices
0x0000000008bc6000 	/System/Library/PrivateFrameworks/Apple80211.framework/Versions/A/Apple80211
0x0000000008bc6000 	/System/Library/Frameworks/CoreWLAN.framework/Versions/A/CoreWLAN
0x0000000008bc6000 	/System/Library/Frameworks/IOBluetooth.framework/Versions/A/IOBluetooth
0x0000000008bc6000 	/System/Library/PrivateFrameworks/CoreWiFi.framework/Versions/A/CoreWiFi
0x0000000008bc6000 	/System/Library/Frameworks/CoreBluetooth.framework/Versions/A/CoreBluetooth
0x0000000008bc6000 	/System/Library/PrivateFrameworks/ChunkingLibrary.framework/Versions/A/ChunkingLibrary
0x0000000008bc6000 	/System/Library/PrivateFrameworks/DebugSymbols.framework/Versions/A/DebugSymbols
0x0000000008bc6000 	/System/Library/PrivateFrameworks/CoreSymbolication.framework/Versions/A/CoreSymbolication
0x0000000008bc6000 	/System/Library/PrivateFrameworks/Symbolication.framework/Versions/A/Symbolication
0x0000000008bc6000 	/System/Library/PrivateFrameworks/SpeechRecognitionCore.framework/Versions/A/SpeechRecognitionCore
0x0000000110e00000 	/Library/Java/JavaVirtualMachines/jdk1.8.0_74.jdk/Contents/Home/jre/lib/server/libjvm.dylib
0x0000000008bc6000 	/usr/lib/libstdc++.6.dylib
0x000000010fd83000 	/Library/Java/JavaVirtualMachines/jdk1.8.0_74.jdk/Contents/Home/jre/lib/libverify.dylib
0x000000010fd91000 	/Library/Java/JavaVirtualMachines/jdk1.8.0_74.jdk/Contents/Home/jre/lib/libjava.dylib
0x0000000111d8f000 	/Library/Java/JavaVirtualMachines/jdk1.8.0_74.jdk/Contents/Home/jre/lib/libjdwp.dylib
0x000000010fdc7000 	/Library/Java/JavaVirtualMachines/jdk1.8.0_74.jdk/Contents/Home/jre/lib/libnpt.dylib
0x000000010fdd4000 	/Library/Java/JavaVirtualMachines/jdk1.8.0_74.jdk/Contents/Home/jre/lib/libzip.dylib
0x0000000136414000 	/System/Library/Frameworks/JavaVM.framework/Frameworks/JavaRuntimeSupport.framework/JavaRuntimeSupport
0x000000013642f000 	/System/Library/Frameworks/JavaVM.framework/Versions/A/Frameworks/JavaNativeFoundation.framework/Versions/A/JavaNativeFoundation
0x0000000136444000 	/System/Library/Frameworks/JavaVM.framework/Versions/A/JavaVM
0x0000000008bc6000 	/System/Library/Frameworks/Carbon.framework/Versions/A/Carbon
0x0000000136451000 	/System/Library/PrivateFrameworks/JavaLaunching.framework/Versions/A/JavaLaunching
0x0000000008bc6000 	/System/Library/Frameworks/Carbon.framework/Versions/A/Frameworks/CommonPanels.framework/Versions/A/CommonPanels
0x0000000008bc6000 	/System/Library/Frameworks/Carbon.framework/Versions/A/Frameworks/Help.framework/Versions/A/Help
0x0000000008bc6000 	/System/Library/Frameworks/Carbon.framework/Versions/A/Frameworks/ImageCapture.framework/Versions/A/ImageCapture
0x0000000008bc6000 	/System/Library/Frameworks/Carbon.framework/Versions/A/Frameworks/OpenScripting.framework/Versions/A/OpenScripting
0x0000000008bc6000 	/System/Library/Frameworks/Carbon.framework/Versions/A/Frameworks/Print.framework/Versions/A/Print
0x0000000008bc6000 	/System/Library/Frameworks/Carbon.framework/Versions/A/Frameworks/SecurityHI.framework/Versions/A/SecurityHI
0x0000000137d72000 	/Library/Java/JavaVirtualMachines/jdk1.8.0_74.jdk/Contents/Home/jre/lib/libdt_socket.dylib
0x0000000137f10000 	/Library/Java/JavaVirtualMachines/jdk1.8.0_74.jdk/Contents/Home/jre/lib/libnet.dylib
0x0000000137f6f000 	/Library/Java/JavaVirtualMachines/jdk1.8.0_74.jdk/Contents/Home/jre/lib/libnio.dylib

VM Arguments:
jvm_args: -agentlib:jdwp=transport=dt_socket,suspend=y,address=localhost:50719 -ea -Dfile.encoding=UTF-8 
java_command: org.eclipse.jdt.internal.junit.runner.RemoteTestRunner -version 3 -port 50718 -testLoaderClass org.eclipse.jdt.internal.junit4.runner.JUnit4TestLoader -loaderpluginname org.eclipse.jdt.junit4.runtime -classNames conversor.TestDirectoryManager
java_class_path (initial): /Users/b0014/Documents/workspace_java/conversor/target/test-classes:/Users/b0014/Documents/workspace_java/conversor/target/classes:/Users/b0014/.m2/repository/junit/junit/4.12/junit-4.12.jar:/Users/b0014/.m2/repository/org/hamcrest/hamcrest-core/1.3/hamcrest-core-1.3.jar:/Users/b0014/.m2/repository/com/googlecode/json-simple/json-simple/1.1.1/json-simple-1.1.1.jar:/Users/b0014/.m2/repository/org/apache/poi/poi/3.15/poi-3.15.jar:/Users/b0014/.m2/repository/commons-codec/commons-codec/1.10/commons-codec-1.10.jar:/Users/b0014/.m2/repository/org/apache/commons/commons-collections4/4.1/commons-collections4-4.1.jar:/Users/b0014/.m2/repository/org/apache/poi/poi-ooxml/3.15/poi-ooxml-3.15.jar:/Users/b0014/.m2/repository/org/apache/poi/poi-ooxml-schemas/3.15/poi-ooxml-schemas-3.15.jar:/Users/b0014/.m2/repository/org/apache/xmlbeans/xmlbeans/2.6.0/xmlbeans-2.6.0.jar:/Users/b0014/.m2/repository/stax/stax-api/1.0.1/stax-api-1.0.1.jar:/Users/b0014/.m2/repository/com/github/virtuald/curvesapi/1.04/curvesapi-1.04.jar:/Users/b0014/eclipse/jee-neon/Eclipse.app/Contents/Eclipse/configuration/org.eclipse.osgi/387/0/.cp/:/Users/b0014/eclipse/jee-neon/Eclipse.app/Contents/Eclipse/configuration/org.eclipse.osgi/386/0/.cp/
Launcher Type: SUN_STANDARD

Environment Variables:
PATH=/usr/bin:/bin:/usr/sbin:/sbin
SHELL=/bin/bash
DISPLAY=/private/tmp/com.apple.launchd.xbs3MHjQNC/org.macosforge.xquartz:0

Signal Handlers:
SIGSEGV: [libjvm.dylib+0x5a6855], sa_mask[0]=11111111011111110111111111111111, sa_flags=SA_ONSTACK|SA_RESTART|SA_SIGINFO
SIGBUS: [libjvm.dylib+0x5a6855], sa_mask[0]=11111111011111110111111111111111, sa_flags=SA_RESTART|SA_SIGINFO
SIGFPE: [libjvm.dylib+0x4804ec], sa_mask[0]=11111111011111110111111111111111, sa_flags=SA_RESTART|SA_SIGINFO
SIGPIPE: [libjvm.dylib+0x4804ec], sa_mask[0]=11111111011111110111111111111111, sa_flags=SA_RESTART|SA_SIGINFO
SIGXFSZ: [libjvm.dylib+0x4804ec], sa_mask[0]=11111111011111110111111111111111, sa_flags=SA_RESTART|SA_SIGINFO
SIGILL: [libjvm.dylib+0x4804ec], sa_mask[0]=11111111011111110111111111111111, sa_flags=SA_RESTART|SA_SIGINFO
SIGUSR1: SIG_DFL, sa_mask[0]=00000000000000000000000000000000, sa_flags=none
SIGUSR2: [libjvm.dylib+0x48000a], sa_mask[0]=00100000000000000000000000000000, sa_flags=SA_RESTART|SA_SIGINFO
SIGHUP: [libjvm.dylib+0x47e5e1], sa_mask[0]=11111111011111110111111111111111, sa_flags=SA_RESTART|SA_SIGINFO
SIGINT: [libjvm.dylib+0x47e5e1], sa_mask[0]=11111111011111110111111111111111, sa_flags=SA_RESTART|SA_SIGINFO
SIGTERM: [libjvm.dylib+0x47e5e1], sa_mask[0]=11111111011111110111111111111111, sa_flags=SA_RESTART|SA_SIGINFO
SIGQUIT: [libjvm.dylib+0x47e5e1], sa_mask[0]=11111111011111110111111111111111, sa_flags=SA_RESTART|SA_SIGINFO


---------------  S Y S T E M  ---------------

OS:Bsduname:Darwin 15.6.0 Darwin Kernel Version 15.6.0: Thu Jun 23 18:25:34 PDT 2016; root:xnu-3248.60.10~1/RELEASE_X86_64 x86_64
rlimit: STACK 8192k, CORE 0k, NPROC 709, NOFILE 10240, AS infinity
load average:1.69 1.61 1.59

CPU:total 8 (4 cores per cpu, 2 threads per core) family 6 model 60 stepping 3, cmov, cx8, fxsr, mmx, sse, sse2, sse3, ssse3, sse4.1, sse4.2, popcnt, avx, avx2, aes, clmul, erms, rtm, lzcnt, ht, tsc, tscinvbit, bmi1, bmi2

Memory: 4k page, physical 33554432k(1475696k free)

/proc/meminfo:


vm_info: Java HotSpot(TM) 64-Bit Server VM (25.74-b02) for bsd-amd64 JRE (1.8.0_74-b02), built on Jan 29 2016 15:32:34 by "java_re" with gcc 4.2.1 (Based on Apple Inc. build 5658) (LLVM build 2336.11.00)

time: Fri Oct 28 12:00:21 2016
elapsed time: 152 seconds (0d 0h 2m 32s)

